{
  data: {
    'Employee ID': 'EMP912e45',
    Name: 'Sheldon Hyatt',
    'Gross Pay': 267494,
    'Leave Days': 4,
    'Non billable hours': '208 hr',
    'Present Days': 0,
    'LWP Days': 26,
    'Last month LWP deduction': '0 (LWP days last month : 0 * 8 * Salary per hour : 1286.0288461538462)',
    'Salary Deducted': 267494,
    'Net Pay': 0,
    'Basic Pay': 267372,
    'Grade Pay': 43,
    Allowances: [ { 'Allowance Name': 'Allowance Name', 'Allowance Amount': 122 } ],
    Deductions: [ { 'Deduction Name': 'Deduction Name', 'Deduction Amount': 500 } ]
  },
  level: 'info',
  message: 'Calculated Net Pay',
  timestamp: '26/4/2024, 4:47:30 pm'
}
{
  data: {
    'Employee ID': 'EMP912e48',
    Name: 'Jennifer Corwin',
    'Gross Pay': 273869,
    'Leave Days': 0,
    'Non billable hours': '208 hr',
    'Present Days': 0,
    'LWP Days': 26,
    'Last month LWP deduction': '0 (LWP days last month : 0 * 8 * Salary per hour : 1316.6778846153845)',
    'Salary Deducted': 273869,
    'Net Pay': 0,
    'Basic Pay': 273747,
    'Grade Pay': 43,
    Allowances: [ { 'Allowance Name': 'Allowance Name', 'Allowance Amount': 122 } ],
    Deductions: [ { 'Deduction Name': 'Deduction Name', 'Deduction Amount': 500 } ]
  },
  level: 'info',
  message: 'Calculated Net Pay',
  timestamp: '26/4/2024, 4:47:30 pm'
}
{
  data: {
    'Employee ID': 'EMP912e49',
    Name: 'Mr. Rogelio Hilpert',
    'Gross Pay': 277905,
    'Leave Days': 0,
    'Non billable hours': '208 hr',
    'Present Days': 0,
    'LWP Days': 26,
    'Last month LWP deduction': '0 (LWP days last month : 0 * 8 * Salary per hour : 1336.0817307692307)',
    'Salary Deducted': 277905,
    'Net Pay': 0,
    'Basic Pay': 277783,
    'Grade Pay': 43,
    Allowances: [ { 'Allowance Name': 'Allowance Name', 'Allowance Amount': 122 } ],
    Deductions: [ { 'Deduction Name': 'Deduction Name', 'Deduction Amount': 500 } ]
  },
  level: 'info',
  message: 'Calculated Net Pay',
  timestamp: '26/4/2024, 4:47:30 pm'
}
{
  data: {
    'Employee ID': 'EMP912e46',
    Name: 'Sherry Satterfield',
    'Gross Pay': 35850,
    'Leave Days': 0,
    'Non billable hours': '208 hr',
    'Present Days': 0,
    'LWP Days': 26,
    'Last month LWP deduction': '0 (LWP days last month : 0 * 8 * Salary per hour : 172.35576923076923)',
    'Salary Deducted': 35850,
    'Net Pay': 0,
    'Basic Pay': 35728,
    'Grade Pay': 43,
    Allowances: [ { 'Allowance Name': 'Allowance Name', 'Allowance Amount': 122 } ],
    Deductions: [ { 'Deduction Name': 'Deduction Name', 'Deduction Amount': 500 } ]
  },
  level: 'info',
  message: 'Calculated Net Pay',
  timestamp: '26/4/2024, 4:47:30 pm'
}
{
  data: {
    'Employee ID': 'EMP912e40',
    Name: 'Becky Crist',
    'Gross Pay': 32063,
    'Leave Days': 0,
    'Non billable hours': '208 hr',
    'Present Days': 0,
    'LWP Days': 26,
    'Last month LWP deduction': '0 (LWP days last month : 0 * 8 * Salary per hour : 154.14903846153845)',
    'Salary Deducted': 32063,
    'Net Pay': 0,
    'Basic Pay': 31941,
    'Grade Pay': 43,
    Allowances: [ { 'Allowance Name': 'Allowance Name', 'Allowance Amount': 122 } ],
    Deductions: [ { 'Deduction Name': 'Deduction Name', 'Deduction Amount': 500 } ]
  },
  level: 'info',
  message: 'Calculated Net Pay',
  timestamp: '26/4/2024, 4:47:30 pm'
}
{
  data: {
    'Employee ID': 'EMP912e47',
    Name: 'Esther Braun',
    'Gross Pay': 187276,
    'Leave Days': 0,
    'Non billable hours': '208 hr',
    'Present Days': 0,
    'LWP Days': 26,
    'Last month LWP deduction': '0 (LWP days last month : 0 * 8 * Salary per hour : 900.3653846153846)',
    'Salary Deducted': 187276,
    'Net Pay': 0,
    'Basic Pay': 187154,
    'Grade Pay': 43,
    Allowances: [ { 'Allowance Name': 'Allowance Name', 'Allowance Amount': 122 } ],
    Deductions: [ { 'Deduction Name': 'Deduction Name', 'Deduction Amount': 500 } ]
  },
  level: 'info',
  message: 'Calculated Net Pay',
  timestamp: '26/4/2024, 4:47:30 pm'
}
{
  data: {
    'Employee ID': 'EMP912e41',
    Name: 'Mr. Joel Labadie',
    'Gross Pay': 142261,
    'Leave Days': 0,
    'Non billable hours': '208 hr',
    'Present Days': 0,
    'LWP Days': 26,
    'Last month LWP deduction': '0 (LWP days last month : 0 * 8 * Salary per hour : 683.9471153846154)',
    'Salary Deducted': 142261,
    'Net Pay': 0,
    'Basic Pay': 142139,
    'Grade Pay': 43,
    Allowances: [ { 'Allowance Name': 'Allowance Name', 'Allowance Amount': 122 } ],
    Deductions: [ { 'Deduction Name': 'Deduction Name', 'Deduction Amount': 500 } ]
  },
  level: 'info',
  message: 'Calculated Net Pay',
  timestamp: '26/4/2024, 4:47:30 pm'
}
{
  data: {
    'Employee ID': 'EMP912e44',
    Name: 'Ida Batz',
    'Gross Pay': 253783,
    'Leave Days': 0,
    'Non billable hours': '208 hr',
    'Present Days': 0,
    'LWP Days': 26,
    'Last month LWP deduction': '0 (LWP days last month : 0 * 8 * Salary per hour : 1220.110576923077)',
    'Salary Deducted': 253783,
    'Net Pay': 0,
    'Basic Pay': 253661,
    'Grade Pay': 43,
    Allowances: [ { 'Allowance Name': 'Allowance Name', 'Allowance Amount': 122 } ],
    Deductions: [ { 'Deduction Name': 'Deduction Name', 'Deduction Amount': 500 } ]
  },
  level: 'info',
  message: 'Calculated Net Pay',
  timestamp: '26/4/2024, 4:47:30 pm'
}
{
  data: {
    'Employee ID': 'EMP912e42',
    Name: 'Ms. Mildred Altenwerth',
    'Gross Pay': 294635,
    'Leave Days': 0,
    'Non billable hours': '208 hr',
    'Present Days': 0,
    'LWP Days': 26,
    'Last month LWP deduction': '0 (LWP days last month : 0 * 8 * Salary per hour : 1416.514423076923)',
    'Salary Deducted': 294635,
    'Net Pay': 0,
    'Basic Pay': 294513,
    'Grade Pay': 43,
    Allowances: [ { 'Allowance Name': 'Allowance Name', 'Allowance Amount': 122 } ],
    Deductions: [ { 'Deduction Name': 'Deduction Name', 'Deduction Amount': 500 } ]
  },
  level: 'info',
  message: 'Calculated Net Pay',
  timestamp: '26/4/2024, 4:47:30 pm'
}
{
  data: {
    'Employee ID': 'EMP912e43',
    Name: 'Dr. Andres Considine',
    'Gross Pay': 102303,
    'Leave Days': 4,
    'Non billable hours': '14 hr',
    'Present Days': 16.25,
    'LWP Days': 1.75,
    'Last month LWP deduction': '0 (LWP days last month : 0 * 8 * Salary per hour : 491.84134615384613)',
    'Salary Deducted': 6885,
    'Net Pay': 94917,
    'Basic Pay': 102181,
    'Grade Pay': 43,
    Allowances: [ { 'Allowance Name': 'Allowance Name', 'Allowance Amount': 122 } ],
    Deductions: [ { 'Deduction Name': 'Deduction Name', 'Deduction Amount': 500 } ]
  },
  level: 'info',
  message: 'Calculated Net Pay',
  timestamp: '26/4/2024, 4:47:30 pm'
}
